<?xml version="1.0" encoding="UTF-8"?>
<!-- Generated by org.testng.reporters.JUnitXMLReporter -->
<testsuite hostname="DESKTOP-1F7BV7C" ignored="0" name="Default test" tests="4" failures="0" timestamp="2020-07-17T22:38:37 CEST" time="0.095" errors="0">
  <testcase name="add" time="0.016" classname="com.CalculetteTest"/>
  <testcase name="division" time="0.002" classname="com.CalculetteTest"/>
  <testcase name="produit" time="0.001" classname="com.CalculetteTest"/>
  <testcase name="soustraire" time="0.002" classname="com.CalculetteTest"/>
</testsuite> <!-- Default test -->
